<?xml version="1.0" encoding="UTF-8"?>
<!-- Generated by org.testng.reporters.JUnitXMLReporter -->
<testsuite ignored="0" hostname="DESKTOP-JDS586J" failures="0" tests="3" name="Test" time="27.754" errors="0" timestamp="2021-05-26T08:27:13 IST">
  <testcase classname="Academy.HomePageTest" name="basePageNavigation" time="11.025"/>
  <testcase classname="Academy.HomePageTest" name="basePageNavigation" time="6.604"/>
  <testcase classname="Academy.ValidateTitleTest" name="basePageNavigation" time="0.216"/>
</testsuite> <!-- Test -->
